  Source.cpp
  HeatExchanger.cpp
c:\users\jaime\desktop\jaime\heatexchanger_vemod\heatexchanger.cpp(22): error C2039: 'getline': is not a member of 'std'
  c:\program files (x86)\microsoft visual studio 14.0\vc\include\algorithm(14): note: see declaration of 'std'
c:\users\jaime\desktop\jaime\heatexchanger_vemod\heatexchanger.cpp(22): error C3861: 'getline': identifier not found
c:\users\jaime\desktop\jaime\heatexchanger_vemod\heatexchanger.cpp(33): error C2039: 'stoi': is not a member of 'std'
  c:\program files (x86)\microsoft visual studio 14.0\vc\include\algorithm(14): note: see declaration of 'std'
c:\users\jaime\desktop\jaime\heatexchanger_vemod\heatexchanger.cpp(33): error C3861: 'stoi': identifier not found
c:\users\jaime\desktop\jaime\heatexchanger_vemod\heatexchanger.cpp(34): error C2039: 'stoi': is not a member of 'std'
  c:\program files (x86)\microsoft visual studio 14.0\vc\include\algorithm(14): note: see declaration of 'std'
c:\users\jaime\desktop\jaime\heatexchanger_vemod\heatexchanger.cpp(34): error C3861: 'stoi': identifier not found
c:\users\jaime\desktop\jaime\heatexchanger_vemod\heatexchanger.cpp(35): error C2039: 'stoi': is not a member of 'std'
  c:\program files (x86)\microsoft visual studio 14.0\vc\include\algorithm(14): note: see declaration of 'std'
c:\users\jaime\desktop\jaime\heatexchanger_vemod\heatexchanger.cpp(35): error C3861: 'stoi': identifier not found
c:\users\jaime\desktop\jaime\heatexchanger_vemod\heatexchanger.cpp(36): error C2039: 'stoi': is not a member of 'std'
  c:\program files (x86)\microsoft visual studio 14.0\vc\include\algorithm(14): note: see declaration of 'std'
c:\users\jaime\desktop\jaime\heatexchanger_vemod\heatexchanger.cpp(36): error C3861: 'stoi': identifier not found
c:\users\jaime\desktop\jaime\heatexchanger_vemod\heatexchanger.cpp(39): error C2039: 'stod': is not a member of 'std'
  c:\program files (x86)\microsoft visual studio 14.0\vc\include\algorithm(14): note: see declaration of 'std'
c:\users\jaime\desktop\jaime\heatexchanger_vemod\heatexchanger.cpp(39): error C3861: 'stod': identifier not found
c:\users\jaime\desktop\jaime\heatexchanger_vemod\heatexchanger.cpp(40): error C2039: 'stod': is not a member of 'std'
  c:\program files (x86)\microsoft visual studio 14.0\vc\include\algorithm(14): note: see declaration of 'std'
c:\users\jaime\desktop\jaime\heatexchanger_vemod\heatexchanger.cpp(40): error C3861: 'stod': identifier not found
c:\users\jaime\desktop\jaime\heatexchanger_vemod\heatexchanger.cpp(41): error C2039: 'stod': is not a member of 'std'
  c:\program files (x86)\microsoft visual studio 14.0\vc\include\algorithm(14): note: see declaration of 'std'
c:\users\jaime\desktop\jaime\heatexchanger_vemod\heatexchanger.cpp(41): error C3861: 'stod': identifier not found
c:\users\jaime\desktop\jaime\heatexchanger_vemod\heatexchanger.cpp(59): error C2678: binary '>>': no operator found which takes a left-hand operand of type 'std::ifstream' (or there is no acceptable conversion)
  c:\program files (x86)\microsoft visual studio 14.0\vc\include\istream(482): note: could be 'std::basic_istream<char,std::char_traits<char>> &std::basic_istream<char,std::char_traits<char>>::operator >>(std::basic_streambuf<char,std::char_traits<char>> *)'
  c:\program files (x86)\microsoft visual studio 14.0\vc\include\istream(463): note: or       'std::basic_istream<char,std::char_traits<char>> &std::basic_istream<char,std::char_traits<char>>::operator >>(void *&)'
  c:\program files (x86)\microsoft visual studio 14.0\vc\include\istream(445): note: or       'std::basic_istream<char,std::char_traits<char>> &std::basic_istream<char,std::char_traits<char>>::operator >>(long double &)'
  c:\program files (x86)\microsoft visual studio 14.0\vc\include\istream(427): note: or       'std::basic_istream<char,std::char_traits<char>> &std::basic_istream<char,std::char_traits<char>>::operator >>(double &)'
  c:\program files (x86)\microsoft visual studio 14.0\vc\include\istream(408): note: or       'std::basic_istream<char,std::char_traits<char>> &std::basic_istream<char,std::char_traits<char>>::operator >>(float &)'
  c:\program files (x86)\microsoft visual studio 14.0\vc\include\istream(390): note: or       'std::basic_istream<char,std::char_traits<char>> &std::basic_istream<char,std::char_traits<char>>::operator >>(unsigned __int64 &)'
  c:\program files (x86)\microsoft visual studio 14.0\vc\include\istream(371): note: or       'std::basic_istream<char,std::char_traits<char>> &std::basic_istream<char,std::char_traits<char>>::operator >>(__int64 &)'
  c:\program files (x86)\microsoft visual studio 14.0\vc\include\istream(352): note: or       'std::basic_istream<char,std::char_traits<char>> &std::basic_istream<char,std::char_traits<char>>::operator >>(unsigned long &)'
  c:\program files (x86)\microsoft visual studio 14.0\vc\include\istream(334): note: or       'std::basic_istream<char,std::char_traits<char>> &std::basic_istream<char,std::char_traits<char>>::operator >>(long &)'
  c:\program files (x86)\microsoft visual studio 14.0\vc\include\istream(316): note: or       'std::basic_istream<char,std::char_traits<char>> &std::basic_istream<char,std::char_traits<char>>::operator >>(unsigned int &)'
  c:\program files (x86)\microsoft visual studio 14.0\vc\include\istream(290): note: or       'std::basic_istream<char,std::char_traits<char>> &std::basic_istream<char,std::char_traits<char>>::operator >>(int &)'
  c:\program files (x86)\microsoft visual studio 14.0\vc\include\istream(271): note: or       'std::basic_istream<char,std::char_traits<char>> &std::basic_istream<char,std::char_traits<char>>::operator >>(unsigned short &)'
  c:\program files (x86)\microsoft visual studio 14.0\vc\include\istream(236): note: or       'std::basic_istream<char,std::char_traits<char>> &std::basic_istream<char,std::char_traits<char>>::operator >>(short &)'
  c:\program files (x86)\microsoft visual studio 14.0\vc\include\istream(217): note: or       'std::basic_istream<char,std::char_traits<char>> &std::basic_istream<char,std::char_traits<char>>::operator >>(bool &)'
  c:\program files (x86)\microsoft visual studio 14.0\vc\include\istream(210): note: or       'std::basic_istream<char,std::char_traits<char>> &std::basic_istream<char,std::char_traits<char>>::operator >>(std::ios_base &(__cdecl *)(std::ios_base &))'
  c:\program files (x86)\microsoft visual studio 14.0\vc\include\istream(203): note: or       'std::basic_istream<char,std::char_traits<char>> &std::basic_istream<char,std::char_traits<char>>::operator >>(std::basic_ios<char,std::char_traits<char>> &(__cdecl *)(std::basic_ios<char,std::char_traits<char>> &))'
  c:\program files (x86)\microsoft visual studio 14.0\vc\include\istream(197): note: or       'std::basic_istream<char,std::char_traits<char>> &std::basic_istream<char,std::char_traits<char>>::operator >>(std::basic_istream<char,std::char_traits<char>> &(__cdecl *)(std::basic_istream<char,std::char_traits<char>> &))'
  c:\program files (x86)\microsoft visual studio 14.0\vc\include\istream(1073): note: or       'std::basic_istream<char,std::char_traits<char>> &std::operator >><std::char_traits<char>>(std::basic_istream<char,std::char_traits<char>> &,signed char *)'
  c:\program files (x86)\microsoft visual studio 14.0\vc\include\istream(1080): note: or       'std::basic_istream<char,std::char_traits<char>> &std::operator >><std::char_traits<char>>(std::basic_istream<char,std::char_traits<char>> &,signed char &)'
  c:\program files (x86)\microsoft visual studio 14.0\vc\include\istream(1087): note: or       'std::basic_istream<char,std::char_traits<char>> &std::operator >><std::char_traits<char>>(std::basic_istream<char,std::char_traits<char>> &,unsigned char *)'
  c:\program files (x86)\microsoft visual studio 14.0\vc\include\istream(1094): note: or       'std::basic_istream<char,std::char_traits<char>> &std::operator >><std::char_traits<char>>(std::basic_istream<char,std::char_traits<char>> &,unsigned char &)'
  c:\program files (x86)\microsoft visual studio 14.0\vc\include\istream(1104): note: or       'std::basic_istream<char,std::char_traits<char>> &std::operator >><char,std::char_traits<char>,std::string>(std::basic_istream<char,std::char_traits<char>> &&,_Ty &)'
          with
          [
              _Ty=std::string
          ]
  c:\users\jaime\desktop\jaime\heatexchanger_vemod\heatexchanger.cpp(59): note: while trying to match the argument list '(std::ifstream, std::string)'
c:\users\jaime\desktop\jaime\heatexchanger_vemod\heatexchanger.cpp(73): error C2039: 'stod': is not a member of 'std'
  c:\program files (x86)\microsoft visual studio 14.0\vc\include\algorithm(14): note: see declaration of 'std'
c:\users\jaime\desktop\jaime\heatexchanger_vemod\heatexchanger.cpp(73): error C3861: 'stod': identifier not found
c:\users\jaime\desktop\jaime\heatexchanger_vemod\heatexchanger.cpp(75): error C2039: 'stod': is not a member of 'std'
  c:\program files (x86)\microsoft visual studio 14.0\vc\include\algorithm(14): note: see declaration of 'std'
c:\users\jaime\desktop\jaime\heatexchanger_vemod\heatexchanger.cpp(75): error C3861: 'stod': identifier not found
c:\users\jaime\desktop\jaime\heatexchanger_vemod\heatexchanger.cpp(77): error C2039: 'stod': is not a member of 'std'
  c:\program files (x86)\microsoft visual studio 14.0\vc\include\algorithm(14): note: see declaration of 'std'
c:\users\jaime\desktop\jaime\heatexchanger_vemod\heatexchanger.cpp(77): error C3861: 'stod': identifier not found
c:\users\jaime\desktop\jaime\heatexchanger_vemod\heatexchanger.cpp(85): error C2039: 'at': is not a member of 'HeatExchanger_model::stResults'
  c:\users\jaime\desktop\jaime\heatexchanger_vemod\heatexchanger.h(9): note: see declaration of 'HeatExchanger_model::stResults'
c:\users\jaime\desktop\jaime\heatexchanger_vemod\heatexchanger.cpp(85): error C2228: left of '.HeatExchanger_ID' must have class/struct/union
c:\users\jaime\desktop\jaime\heatexchanger_vemod\heatexchanger.cpp(85): error C2065: 'HeatExchanger': undeclared identifier
c:\users\jaime\desktop\jaime\heatexchanger_vemod\heatexchanger.cpp(85): error C2228: left of '.at' must have class/struct/union
  c:\users\jaime\desktop\jaime\heatexchanger_vemod\heatexchanger.cpp(85): note: type is 'unknown-type'
c:\users\jaime\desktop\jaime\heatexchanger_vemod\heatexchanger.cpp(85): error C2228: left of '.ID_htx' must have class/struct/union
c:\users\jaime\desktop\jaime\heatexchanger_vemod\heatexchanger.cpp(103): error C2061: syntax error: identifier 'count'
c:\users\jaime\desktop\jaime\heatexchanger_vemod\heatexchanger.cpp(107): error C2065: 'HeatExchanger': undeclared identifier
c:\users\jaime\desktop\jaime\heatexchanger_vemod\heatexchanger.cpp(107): error C2228: left of '.fluid_type_2' must have class/struct/union
  c:\users\jaime\desktop\jaime\heatexchanger_vemod\heatexchanger.cpp(107): note: type is 'unknown-type'
c:\users\jaime\desktop\jaime\heatexchanger_vemod\heatexchanger.cpp(107): error C3861: 'cp': identifier not found
c:\users\jaime\desktop\jaime\heatexchanger_vemod\heatexchanger.cpp(111): error C2065: 'HeatExchanger': undeclared identifier
c:\users\jaime\desktop\jaime\heatexchanger_vemod\heatexchanger.cpp(111): error C2228: left of '.UA' must have class/struct/union
  c:\users\jaime\desktop\jaime\heatexchanger_vemod\heatexchanger.cpp(111): note: type is 'unknown-type'
c:\users\jaime\desktop\jaime\heatexchanger_vemod\heatexchanger.cpp(114): error C2065: 'HeatExchanger': undeclared identifier
c:\users\jaime\desktop\jaime\heatexchanger_vemod\heatexchanger.cpp(114): error C2228: left of '.flag_efficiency_table' must have class/struct/union
  c:\users\jaime\desktop\jaime\heatexchanger_vemod\heatexchanger.cpp(114): note: type is 'unknown-type'
c:\users\jaime\desktop\jaime\heatexchanger_vemod\heatexchanger.cpp(115): error C2065: 'HeatExchanger': undeclared identifier
c:\users\jaime\desktop\jaime\heatexchanger_vemod\heatexchanger.cpp(115): error C2228: left of '.n_rows_table' must have class/struct/union
  c:\users\jaime\desktop\jaime\heatexchanger_vemod\heatexchanger.cpp(115): note: type is 'unknown-type'
c:\users\jaime\desktop\jaime\heatexchanger_vemod\heatexchanger.cpp(115): error C2228: left of '.NTU' must have class/struct/union
  c:\users\jaime\desktop\jaime\heatexchanger_vemod\heatexchanger.cpp(115): note: type is 'unknown-type'
c:\users\jaime\desktop\jaime\heatexchanger_vemod\heatexchanger.cpp(115): error C2228: left of '.Cr' must have class/struct/union
  c:\users\jaime\desktop\jaime\heatexchanger_vemod\heatexchanger.cpp(115): note: type is 'unknown-type'
c:\users\jaime\desktop\jaime\heatexchanger_vemod\heatexchanger.cpp(115): error C2228: left of '.efficiency' must have class/struct/union
  c:\users\jaime\desktop\jaime\heatexchanger_vemod\heatexchanger.cpp(115): note: type is 'unknown-type'
c:\users\jaime\desktop\jaime\heatexchanger_vemod\heatexchanger.cpp(115): error C2660: 'HeatExchanger_model::lookup_table_2dim': function does not take 3 arguments
c:\users\jaime\desktop\jaime\heatexchanger_vemod\heatexchanger.cpp(118): error C2065: 'HeatExchanger': undeclared identifier
c:\users\jaime\desktop\jaime\heatexchanger_vemod\heatexchanger.cpp(118): error C2228: left of '.exchanger_type' must have class/struct/union
  c:\users\jaime\desktop\jaime\heatexchanger_vemod\heatexchanger.cpp(118): note: type is 'unknown-type'
c:\users\jaime\desktop\jaime\heatexchanger_vemod\heatexchanger.cpp(132): error C2065: 'HeatExchanger': undeclared identifier
c:\users\jaime\desktop\jaime\heatexchanger_vemod\heatexchanger.cpp(132): error C2228: left of '.n_shell_passes' must have class/struct/union
  c:\users\jaime\desktop\jaime\heatexchanger_vemod\heatexchanger.cpp(132): note: type is 'unknown-type'
c:\users\jaime\desktop\jaime\heatexchanger_vemod\heatexchanger.cpp(133): error C2065: 'HeatExchanger': undeclared identifier
c:\users\jaime\desktop\jaime\heatexchanger_vemod\heatexchanger.cpp(133): error C2228: left of '.n_shell_passes' must have class/struct/union
  c:\users\jaime\desktop\jaime\heatexchanger_vemod\heatexchanger.cpp(133): note: type is 'unknown-type'
c:\users\jaime\desktop\jaime\heatexchanger_vemod\heatexchanger.cpp(133): error C2661: 'pow': no overloaded function takes 1 arguments
c:\users\jaime\desktop\jaime\heatexchanger_vemod\heatexchanger.cpp(134): error C2065: 'HeatExchanger': undeclared identifier
c:\users\jaime\desktop\jaime\heatexchanger_vemod\heatexchanger.cpp(134): error C2228: left of '.n_shell_passes' must have class/struct/union
  c:\users\jaime\desktop\jaime\heatexchanger_vemod\heatexchanger.cpp(134): note: type is 'unknown-type'
c:\users\jaime\desktop\jaime\heatexchanger_vemod\heatexchanger.cpp(134): error C2661: 'pow': no overloaded function takes 1 arguments
c:\users\jaime\desktop\jaime\heatexchanger_vemod\heatexchanger.cpp(143): error C2039: 'at': is not a member of 'HeatExchanger_model::stResults'
  c:\users\jaime\desktop\jaime\heatexchanger_vemod\heatexchanger.h(9): note: see declaration of 'HeatExchanger_model::stResults'
c:\users\jaime\desktop\jaime\heatexchanger_vemod\heatexchanger.cpp(143): error C2228: left of '.exchanged_heat_1' must have class/struct/union
c:\users\jaime\desktop\jaime\heatexchanger_vemod\heatexchanger.cpp(144): error C2039: 'at': is not a member of 'HeatExchanger_model::stResults'
  c:\users\jaime\desktop\jaime\heatexchanger_vemod\heatexchanger.h(9): note: see declaration of 'HeatExchanger_model::stResults'
c:\users\jaime\desktop\jaime\heatexchanger_vemod\heatexchanger.cpp(144): error C2228: left of '.exchanged_heat_2' must have class/struct/union
c:\users\jaime\desktop\jaime\heatexchanger_vemod\heatexchanger.cpp(144): error C2065: 'exchanged_heat1': undeclared identifier
c:\users\jaime\desktop\jaime\heatexchanger_vemod\heatexchanger.cpp(146): error C2039: 'at': is not a member of 'HeatExchanger_model::stResults'
  c:\users\jaime\desktop\jaime\heatexchanger_vemod\heatexchanger.h(9): note: see declaration of 'HeatExchanger_model::stResults'
c:\users\jaime\desktop\jaime\heatexchanger_vemod\heatexchanger.cpp(146): error C2228: left of '.Temperature_outlet_1' must have class/struct/union
c:\users\jaime\desktop\jaime\heatexchanger_vemod\heatexchanger.cpp(146): error C2065: 'exchanged_heat1': undeclared identifier
c:\users\jaime\desktop\jaime\heatexchanger_vemod\heatexchanger.cpp(147): error C2039: 'at': is not a member of 'HeatExchanger_model::stResults'
  c:\users\jaime\desktop\jaime\heatexchanger_vemod\heatexchanger.h(9): note: see declaration of 'HeatExchanger_model::stResults'
c:\users\jaime\desktop\jaime\heatexchanger_vemod\heatexchanger.cpp(147): error C2228: left of '.Temperature_outlet_2' must have class/struct/union
c:\users\jaime\desktop\jaime\heatexchanger_vemod\heatexchanger.cpp(147): error C2065: 'exchanged_heat2': undeclared identifier
c:\users\jaime\desktop\jaime\heatexchanger_vemod\heatexchanger.cpp(160): error C2131: expression did not evaluate to a constant
  c:\users\jaime\desktop\jaime\heatexchanger_vemod\heatexchanger.cpp(160): note: failure was caused by non-constant arguments or reference to a non-constant symbol
  c:\users\jaime\desktop\jaime\heatexchanger_vemod\heatexchanger.cpp(160): note: see usage of 'n_rows'
c:\users\jaime\desktop\jaime\heatexchanger_vemod\heatexchanger.cpp(161): error C2131: expression did not evaluate to a constant
  c:\users\jaime\desktop\jaime\heatexchanger_vemod\heatexchanger.cpp(161): note: failure was caused by non-constant arguments or reference to a non-constant symbol
  c:\users\jaime\desktop\jaime\heatexchanger_vemod\heatexchanger.cpp(161): note: see usage of 'n_rows'
c:\users\jaime\desktop\jaime\heatexchanger_vemod\heatexchanger.cpp(162): error C2131: expression did not evaluate to a constant
  c:\users\jaime\desktop\jaime\heatexchanger_vemod\heatexchanger.cpp(162): note: failure was caused by non-constant arguments or reference to a non-constant symbol
  c:\users\jaime\desktop\jaime\heatexchanger_vemod\heatexchanger.cpp(162): note: see usage of 'n_rows'
c:\users\jaime\desktop\jaime\heatexchanger_vemod\heatexchanger.cpp(166): error C2672: 'std::max_element': no matching overloaded function found
c:\users\jaime\desktop\jaime\heatexchanger_vemod\heatexchanger.cpp(166): error C2780: '_FwdIt std::max_element(_FwdIt,_FwdIt)': expects 2 arguments - 1 provided
  c:\program files (x86)\microsoft visual studio 14.0\vc\include\algorithm(3491): note: see declaration of 'std::max_element'
c:\users\jaime\desktop\jaime\heatexchanger_vemod\heatexchanger.cpp(166): error C2780: '_FwdIt std::max_element(_FwdIt,_FwdIt,_Pr)': expects 3 arguments - 1 provided
  c:\program files (x86)\microsoft visual studio 14.0\vc\include\algorithm(3482): note: see declaration of 'std::max_element'
c:\users\jaime\desktop\jaime\heatexchanger_vemod\heatexchanger.cpp(167): error C2672: 'std::max_element': no matching overloaded function found
c:\users\jaime\desktop\jaime\heatexchanger_vemod\heatexchanger.cpp(167): error C2780: '_FwdIt std::max_element(_FwdIt,_FwdIt)': expects 2 arguments - 1 provided
  c:\program files (x86)\microsoft visual studio 14.0\vc\include\algorithm(3491): note: see declaration of 'std::max_element'
c:\users\jaime\desktop\jaime\heatexchanger_vemod\heatexchanger.cpp(167): error C2780: '_FwdIt std::max_element(_FwdIt,_FwdIt,_Pr)': expects 3 arguments - 1 provided
  c:\program files (x86)\microsoft visual studio 14.0\vc\include\algorithm(3482): note: see declaration of 'std::max_element'
c:\users\jaime\desktop\jaime\heatexchanger_vemod\heatexchanger.cpp(169): error C2672: 'std::min_element': no matching overloaded function found
c:\users\jaime\desktop\jaime\heatexchanger_vemod\heatexchanger.cpp(169): error C2780: '_FwdIt std::min_element(_FwdIt,_FwdIt)': expects 2 arguments - 1 provided
  c:\program files (x86)\microsoft visual studio 14.0\vc\include\algorithm(3520): note: see declaration of 'std::min_element'
c:\users\jaime\desktop\jaime\heatexchanger_vemod\heatexchanger.cpp(169): error C2780: '_FwdIt std::min_element(_FwdIt,_FwdIt,_Pr)': expects 3 arguments - 1 provided
  c:\program files (x86)\microsoft visual studio 14.0\vc\include\algorithm(3511): note: see declaration of 'std::min_element'
c:\users\jaime\desktop\jaime\heatexchanger_vemod\heatexchanger.cpp(170): error C2672: 'std::min_element': no matching overloaded function found
c:\users\jaime\desktop\jaime\heatexchanger_vemod\heatexchanger.cpp(170): error C2780: '_FwdIt std::min_element(_FwdIt,_FwdIt)': expects 2 arguments - 1 provided
  c:\program files (x86)\microsoft visual studio 14.0\vc\include\algorithm(3520): note: see declaration of 'std::min_element'
c:\users\jaime\desktop\jaime\heatexchanger_vemod\heatexchanger.cpp(170): error C2780: '_FwdIt std::min_element(_FwdIt,_FwdIt,_Pr)': expects 3 arguments - 1 provided
  c:\program files (x86)\microsoft visual studio 14.0\vc\include\algorithm(3511): note: see declaration of 'std::min_element'
c:\users\jaime\desktop\jaime\heatexchanger_vemod\heatexchanger.cpp(172): error C2672: 'std::max_element': no matching overloaded function found
c:\users\jaime\desktop\jaime\heatexchanger_vemod\heatexchanger.cpp(172): error C2780: '_FwdIt std::max_element(_FwdIt,_FwdIt)': expects 2 arguments - 1 provided
  c:\program files (x86)\microsoft visual studio 14.0\vc\include\algorithm(3491): note: see declaration of 'std::max_element'
c:\users\jaime\desktop\jaime\heatexchanger_vemod\heatexchanger.cpp(172): error C2780: '_FwdIt std::max_element(_FwdIt,_FwdIt,_Pr)': expects 3 arguments - 1 provided
  c:\program files (x86)\microsoft visual studio 14.0\vc\include\algorithm(3482): note: see declaration of 'std::max_element'
c:\users\jaime\desktop\jaime\heatexchanger_vemod\heatexchanger.cpp(173): error C2672: 'std::max_element': no matching overloaded function found
c:\users\jaime\desktop\jaime\heatexchanger_vemod\heatexchanger.cpp(173): error C2780: '_FwdIt std::max_element(_FwdIt,_FwdIt)': expects 2 arguments - 1 provided
  c:\program files (x86)\microsoft visual studio 14.0\vc\include\algorithm(3491): note: see declaration of 'std::max_element'
c:\users\jaime\desktop\jaime\heatexchanger_vemod\heatexchanger.cpp(173): error C2780: '_FwdIt std::max_element(_FwdIt,_FwdIt,_Pr)': expects 3 arguments - 1 provided
  c:\program files (x86)\microsoft visual studio 14.0\vc\include\algorithm(3482): note: see declaration of 'std::max_element'
c:\users\jaime\desktop\jaime\heatexchanger_vemod\heatexchanger.cpp(175): error C2672: 'std::min_element': no matching overloaded function found
c:\users\jaime\desktop\jaime\heatexchanger_vemod\heatexchanger.cpp(175): error C2780: '_FwdIt std::min_element(_FwdIt,_FwdIt)': expects 2 arguments - 1 provided
  c:\program files (x86)\microsoft visual studio 14.0\vc\include\algorithm(3520): note: see declaration of 'std::min_element'
c:\users\jaime\desktop\jaime\heatexchanger_vemod\heatexchanger.cpp(175): error C2780: '_FwdIt std::min_element(_FwdIt,_FwdIt,_Pr)': expects 3 arguments - 1 provided
  c:\program files (x86)\microsoft visual studio 14.0\vc\include\algorithm(3511): note: see declaration of 'std::min_element'
c:\users\jaime\desktop\jaime\heatexchanger_vemod\heatexchanger.cpp(176): error C2672: 'std::min_element': no matching overloaded function found
c:\users\jaime\desktop\jaime\heatexchanger_vemod\heatexchanger.cpp(176): error C2780: '_FwdIt std::min_element(_FwdIt,_FwdIt)': expects 2 arguments - 1 provided
  c:\program files (x86)\microsoft visual studio 14.0\vc\include\algorithm(3520): note: see declaration of 'std::min_element'
c:\users\jaime\desktop\jaime\heatexchanger_vemod\heatexchanger.cpp(176): error C2780: '_FwdIt std::min_element(_FwdIt,_FwdIt,_Pr)': expects 3 arguments - 1 provided
  c:\program files (x86)\microsoft visual studio 14.0\vc\include\algorithm(3511): note: see declaration of 'std::min_element'
c:\users\jaime\desktop\jaime\heatexchanger_vemod\heatexchanger.cpp(181): error C3863: array type 'double [n_rows]' is not assignable
c:\users\jaime\desktop\jaime\heatexchanger_vemod\heatexchanger.cpp(184): error C3863: array type 'double [n_rows]' is not assignable
c:\users\jaime\desktop\jaime\heatexchanger_vemod\heatexchanger.cpp(190): error C3863: array type 'double [n_rows]' is not assignable
  Generating Code...
