  HydroNet_Temperature.cpp
c:\users\jaime\documents\& pfc-cmt\program\&hydronet _temperature\hydronet_temperature\hydronet_temperature\hydronet_temperature.cpp(231): warning C4018: '<': signed/unsigned mismatch
c:\users\jaime\documents\& pfc-cmt\program\&hydronet _temperature\hydronet_temperature\hydronet_temperature\hydronet_temperature.cpp(246): warning C4018: '<': signed/unsigned mismatch
c:\users\jaime\documents\& pfc-cmt\program\&hydronet _temperature\hydronet_temperature\hydronet_temperature\hydronet_temperature.cpp(408): warning C4018: '<': signed/unsigned mismatch
c:\users\jaime\documents\& pfc-cmt\program\&hydronet _temperature\hydronet_temperature\hydronet_temperature\hydronet_temperature.cpp(409): warning C4018: '<': signed/unsigned mismatch
c:\users\jaime\documents\& pfc-cmt\program\&hydronet _temperature\hydronet_temperature\hydronet_temperature\hydronet_temperature.cpp(410): warning C4018: '<': signed/unsigned mismatch
c:\users\jaime\documents\& pfc-cmt\program\&hydronet _temperature\hydronet_temperature\hydronet_temperature\hydronet_temperature.cpp(457): warning C4018: '<': signed/unsigned mismatch
c:\users\jaime\documents\& pfc-cmt\program\&hydronet _temperature\hydronet_temperature\hydronet_temperature\hydronet_temperature.cpp(458): warning C4018: '<': signed/unsigned mismatch
c:\users\jaime\documents\& pfc-cmt\program\&hydronet _temperature\hydronet_temperature\hydronet_temperature\hydronet_temperature.cpp(459): warning C4018: '<': signed/unsigned mismatch
c:\users\jaime\documents\& pfc-cmt\program\&hydronet _temperature\hydronet_temperature\hydronet_temperature\hydronet_temperature.cpp(544): warning C4018: '<': signed/unsigned mismatch
c:\users\jaime\documents\& pfc-cmt\program\&hydronet _temperature\hydronet_temperature\hydronet_temperature\hydronet_temperature.cpp(550): warning C4018: '<': signed/unsigned mismatch
c:\users\jaime\documents\& pfc-cmt\program\&hydronet _temperature\hydronet_temperature\hydronet_temperature\hydronet_temperature.cpp(594): warning C4018: '<': signed/unsigned mismatch
c:\users\jaime\documents\& pfc-cmt\program\&hydronet _temperature\hydronet_temperature\hydronet_temperature\hydronet_temperature.cpp(623): warning C4018: '<': signed/unsigned mismatch
c:\users\jaime\documents\& pfc-cmt\program\&hydronet _temperature\hydronet_temperature\hydronet_temperature\hydronet_temperature.cpp(633): warning C4018: '<': signed/unsigned mismatch
c:\users\jaime\documents\& pfc-cmt\program\&hydronet _temperature\hydronet_temperature\hydronet_temperature\hydronet_temperature.cpp(646): warning C4018: '<': signed/unsigned mismatch
c:\users\jaime\documents\& pfc-cmt\program\&hydronet _temperature\hydronet_temperature\hydronet_temperature\hydronet_temperature.cpp(661): warning C4018: '<': signed/unsigned mismatch
c:\users\jaime\documents\& pfc-cmt\program\&hydronet _temperature\hydronet_temperature\hydronet_temperature\hydronet_temperature.cpp(692): warning C4018: '<': signed/unsigned mismatch
c:\users\jaime\documents\& pfc-cmt\program\&hydronet _temperature\hydronet_temperature\hydronet_temperature\hydronet_temperature.cpp(719): warning C4018: '<=': signed/unsigned mismatch
c:\users\jaime\documents\& pfc-cmt\program\&hydronet _temperature\hydronet_temperature\hydronet_temperature\hydronet_temperature.cpp(737): warning C4018: '<': signed/unsigned mismatch
c:\users\jaime\documents\& pfc-cmt\program\&hydronet _temperature\hydronet_temperature\hydronet_temperature\hydronet_temperature.cpp(757): warning C4018: '<': signed/unsigned mismatch
c:\users\jaime\documents\& pfc-cmt\program\&hydronet _temperature\hydronet_temperature\hydronet_temperature\hydronet_temperature.cpp(786): warning C4018: '<': signed/unsigned mismatch
c:\users\jaime\documents\& pfc-cmt\program\&hydronet _temperature\hydronet_temperature\hydronet_temperature\hydronet_temperature.cpp(843): warning C4018: '<': signed/unsigned mismatch
c:\users\jaime\documents\& pfc-cmt\program\&hydronet _temperature\hydronet_temperature\hydronet_temperature\hydronet_temperature.cpp(863): warning C4018: '<': signed/unsigned mismatch
c:\users\jaime\documents\& pfc-cmt\program\&hydronet _temperature\hydronet_temperature\hydronet_temperature\hydronet_temperature.cpp(876): warning C4018: '<': signed/unsigned mismatch
c:\users\jaime\documents\& pfc-cmt\program\&hydronet _temperature\hydronet_temperature\hydronet_temperature\hydronet_temperature.cpp(882): warning C4018: '<': signed/unsigned mismatch
c:\users\jaime\documents\& pfc-cmt\program\&hydronet _temperature\hydronet_temperature\hydronet_temperature\hydronet_temperature.cpp(905): warning C4018: '<': signed/unsigned mismatch
c:\users\jaime\documents\& pfc-cmt\program\&hydronet _temperature\hydronet_temperature\hydronet_temperature\hydronet_temperature.cpp(910): warning C4018: '<': signed/unsigned mismatch
c:\users\jaime\documents\& pfc-cmt\program\&hydronet _temperature\hydronet_temperature\hydronet_temperature\hydronet_temperature.cpp(922): warning C4018: '<': signed/unsigned mismatch
c:\users\jaime\documents\& pfc-cmt\program\&hydronet _temperature\hydronet_temperature\hydronet_temperature\hydronet_temperature.cpp(925): warning C4018: '<': signed/unsigned mismatch
c:\users\jaime\documents\& pfc-cmt\program\&hydronet _temperature\hydronet_temperature\hydronet_temperature\hydronet_temperature.cpp(927): warning C4018: '<': signed/unsigned mismatch
c:\users\jaime\documents\& pfc-cmt\program\&hydronet _temperature\hydronet_temperature\hydronet_temperature\hydronet_temperature.cpp(937): warning C4018: '<': signed/unsigned mismatch
c:\users\jaime\documents\& pfc-cmt\program\&hydronet _temperature\hydronet_temperature\hydronet_temperature\hydronet_temperature.cpp(947): warning C4018: '<': signed/unsigned mismatch
c:\users\jaime\documents\& pfc-cmt\program\&hydronet _temperature\hydronet_temperature\hydronet_temperature\hydronet_temperature.cpp(952): warning C4018: '<': signed/unsigned mismatch
c:\users\jaime\documents\& pfc-cmt\program\&hydronet _temperature\hydronet_temperature\hydronet_temperature\hydronet_temperature.cpp(966): warning C4018: '<': signed/unsigned mismatch
c:\users\jaime\documents\& pfc-cmt\program\&hydronet _temperature\hydronet_temperature\hydronet_temperature\hydronet_temperature.cpp(970): warning C4018: '<': signed/unsigned mismatch
c:\users\jaime\documents\& pfc-cmt\program\&hydronet _temperature\hydronet_temperature\hydronet_temperature\hydronet_temperature.cpp(974): warning C4018: '<': signed/unsigned mismatch
c:\users\jaime\documents\& pfc-cmt\program\&hydronet _temperature\hydronet_temperature\hydronet_temperature\hydronet_temperature.cpp(977): warning C4018: '<': signed/unsigned mismatch
c:\users\jaime\documents\& pfc-cmt\program\&hydronet _temperature\hydronet_temperature\hydronet_temperature\hydronet_temperature.cpp(980): warning C4018: '<': signed/unsigned mismatch
c:\users\jaime\documents\& pfc-cmt\program\&hydronet _temperature\hydronet_temperature\hydronet_temperature\hydronet_temperature.cpp(996): warning C4018: '<': signed/unsigned mismatch
c:\users\jaime\documents\& pfc-cmt\program\&hydronet _temperature\hydronet_temperature\hydronet_temperature\hydronet_temperature.cpp(998): warning C4018: '<': signed/unsigned mismatch
c:\users\jaime\documents\& pfc-cmt\program\&hydronet _temperature\hydronet_temperature\hydronet_temperature\hydronet_temperature.cpp(1001): warning C4018: '<': signed/unsigned mismatch
c:\users\jaime\documents\& pfc-cmt\program\&hydronet _temperature\hydronet_temperature\hydronet_temperature\hydronet_temperature.cpp(1020): warning C4018: '<': signed/unsigned mismatch
c:\users\jaime\documents\& pfc-cmt\program\&hydronet _temperature\hydronet_temperature\hydronet_temperature\hydronet_temperature.cpp(1024): warning C4018: '<': signed/unsigned mismatch
c:\users\jaime\documents\& pfc-cmt\program\&hydronet _temperature\hydronet_temperature\hydronet_temperature\hydronet_temperature.cpp(1036): warning C4018: '<': signed/unsigned mismatch
c:\users\jaime\documents\& pfc-cmt\program\&hydronet _temperature\hydronet_temperature\hydronet_temperature\hydronet_temperature.cpp(1041): warning C4018: '<': signed/unsigned mismatch
c:\users\jaime\documents\& pfc-cmt\program\&hydronet _temperature\hydronet_temperature\hydronet_temperature\hydronet_temperature.cpp(1044): warning C4018: '<': signed/unsigned mismatch
c:\users\jaime\documents\& pfc-cmt\program\&hydronet _temperature\hydronet_temperature\hydronet_temperature\hydronet_temperature.cpp(1062): warning C4018: '<': signed/unsigned mismatch
c:\users\jaime\documents\& pfc-cmt\program\&hydronet _temperature\hydronet_temperature\hydronet_temperature\hydronet_temperature.cpp(1067): warning C4018: '<': signed/unsigned mismatch
c:\users\jaime\documents\& pfc-cmt\program\&hydronet _temperature\hydronet_temperature\hydronet_temperature\hydronet_temperature.cpp(1072): warning C4018: '<': signed/unsigned mismatch
c:\users\jaime\documents\& pfc-cmt\program\&hydronet _temperature\hydronet_temperature\hydronet_temperature\hydronet_temperature.cpp(1079): warning C4018: '<': signed/unsigned mismatch
c:\users\jaime\documents\& pfc-cmt\program\&hydronet _temperature\hydronet_temperature\hydronet_temperature\hydronet_temperature.cpp(1113): warning C4018: '<': signed/unsigned mismatch
c:\users\jaime\documents\& pfc-cmt\program\&hydronet _temperature\hydronet_temperature\hydronet_temperature\hydronet_temperature.cpp(1130): warning C4018: '<': signed/unsigned mismatch
c:\users\jaime\documents\& pfc-cmt\program\&hydronet _temperature\hydronet_temperature\hydronet_temperature\hydronet_temperature.cpp(1133): warning C4244: '=': conversion from 'double' to 'int', possible loss of data
c:\users\jaime\documents\& pfc-cmt\program\&hydronet _temperature\hydronet_temperature\hydronet_temperature\hydronet_temperature.cpp(1167): warning C4018: '<': signed/unsigned mismatch
c:\users\jaime\documents\& pfc-cmt\program\&hydronet _temperature\hydronet_temperature\hydronet_temperature\hydronet_temperature.cpp(1172): warning C4018: '<': signed/unsigned mismatch
c:\users\jaime\documents\& pfc-cmt\program\&hydronet _temperature\hydronet_temperature\hydronet_temperature\hydronet_temperature.cpp(1173): warning C4018: '<': signed/unsigned mismatch
c:\users\jaime\documents\& pfc-cmt\program\&hydronet _temperature\hydronet_temperature\hydronet_temperature\hydronet_temperature.cpp(1228): warning C4018: '<': signed/unsigned mismatch
c:\users\jaime\documents\& pfc-cmt\program\&hydronet _temperature\hydronet_temperature\hydronet_temperature\hydronet_temperature.cpp(1235): warning C4018: '<': signed/unsigned mismatch
c:\users\jaime\documents\& pfc-cmt\program\&hydronet _temperature\hydronet_temperature\hydronet_temperature\hydronet_temperature.cpp(1238): warning C4018: '<': signed/unsigned mismatch
c:\users\jaime\documents\& pfc-cmt\program\&hydronet _temperature\hydronet_temperature\hydronet_temperature\hydronet_temperature.cpp(1282): warning C4018: '<': signed/unsigned mismatch
c:\users\jaime\documents\& pfc-cmt\program\&hydronet _temperature\hydronet_temperature\hydronet_temperature\hydronet_temperature.cpp(1292): warning C4018: '<': signed/unsigned mismatch
c:\users\jaime\documents\& pfc-cmt\program\&hydronet _temperature\hydronet_temperature\hydronet_temperature\hydronet_temperature.cpp(1296): warning C4018: '<': signed/unsigned mismatch
c:\users\jaime\documents\& pfc-cmt\program\&hydronet _temperature\hydronet_temperature\hydronet_temperature\hydronet_temperature.cpp(1297): warning C4018: '<': signed/unsigned mismatch
c:\users\jaime\documents\& pfc-cmt\program\&hydronet _temperature\hydronet_temperature\hydronet_temperature\hydronet_temperature.cpp(1353): warning C4018: '<': signed/unsigned mismatch
c:\users\jaime\documents\& pfc-cmt\program\&hydronet _temperature\hydronet_temperature\hydronet_temperature\hydronet_temperature.cpp(1356): warning C4018: '<': signed/unsigned mismatch
c:\users\jaime\documents\& pfc-cmt\program\&hydronet _temperature\hydronet_temperature\hydronet_temperature\hydronet_temperature.cpp(1361): warning C4018: '<': signed/unsigned mismatch
c:\users\jaime\documents\& pfc-cmt\program\&hydronet _temperature\hydronet_temperature\hydronet_temperature\hydronet_temperature.cpp(1364): warning C4018: '<': signed/unsigned mismatch
c:\users\jaime\documents\& pfc-cmt\program\&hydronet _temperature\hydronet_temperature\hydronet_temperature\hydronet_temperature.cpp(1409): warning C4018: '<': signed/unsigned mismatch
  HydroNet_Temperature.vcxproj -> C:\Users\Jaime\Documents\& PFC-CMT\Program\&HydroNet _Temperature\HydroNet_Temperature\Debug\HydroNet_Temperature.exe
  HydroNet_Temperature.vcxproj -> C:\Users\Jaime\Documents\& PFC-CMT\Program\&HydroNet _Temperature\HydroNet_Temperature\Debug\HydroNet_Temperature.pdb (Full PDB)
