  HydroNet_.cpp
c:\users\jaime\documents\& pfc-cmt\program\openwam\source\math_wam\math_wam.h(444): warning C4018: '<': signed/unsigned mismatch
c:\users\jaime\documents\& pfc-cmt\program\&hydronet_wrkng\hydronet_\hydronet_\hydronet_.cpp(10): warning C4018: '<': signed/unsigned mismatch
c:\users\jaime\documents\& pfc-cmt\program\&hydronet_wrkng\hydronet_\hydronet_\hydronet_.cpp(20): warning C4018: '<': signed/unsigned mismatch
c:\users\jaime\documents\& pfc-cmt\program\&hydronet_wrkng\hydronet_\hydronet_\hydronet_.cpp(31): warning C4018: '<': signed/unsigned mismatch
c:\users\jaime\documents\& pfc-cmt\program\&hydronet_wrkng\hydronet_\hydronet_\hydronet_.cpp(253): warning C4018: '<': signed/unsigned mismatch
c:\users\jaime\documents\& pfc-cmt\program\&hydronet_wrkng\hydronet_\hydronet_\hydronet_.cpp(262): warning C4018: '<': signed/unsigned mismatch
c:\users\jaime\documents\& pfc-cmt\program\&hydronet_wrkng\hydronet_\hydronet_\hydronet_.cpp(272): warning C4018: '<': signed/unsigned mismatch
c:\users\jaime\documents\& pfc-cmt\program\&hydronet_wrkng\hydronet_\hydronet_\hydronet_.cpp(282): warning C4018: '<': signed/unsigned mismatch
c:\users\jaime\documents\& pfc-cmt\program\&hydronet_wrkng\hydronet_\hydronet_\hydronet_.cpp(291): warning C4018: '<': signed/unsigned mismatch
c:\users\jaime\documents\& pfc-cmt\program\&hydronet_wrkng\hydronet_\hydronet_\hydronet_.cpp(308): warning C4018: '<': signed/unsigned mismatch
c:\users\jaime\documents\& pfc-cmt\program\&hydronet_wrkng\hydronet_\hydronet_\hydronet_.cpp(324): warning C4018: '<': signed/unsigned mismatch
c:\users\jaime\documents\& pfc-cmt\program\&hydronet_wrkng\hydronet_\hydronet_\hydronet_.cpp(334): warning C4018: '<': signed/unsigned mismatch
c:\users\jaime\documents\& pfc-cmt\program\&hydronet_wrkng\hydronet_\hydronet_\hydronet_.cpp(452): warning C4018: '<': signed/unsigned mismatch
c:\users\jaime\documents\& pfc-cmt\program\&hydronet_wrkng\hydronet_\hydronet_\hydronet_.cpp(456): warning C4018: '<': signed/unsigned mismatch
c:\users\jaime\documents\& pfc-cmt\program\&hydronet_wrkng\hydronet_\hydronet_\hydronet_.cpp(460): warning C4018: '<': signed/unsigned mismatch
c:\users\jaime\documents\& pfc-cmt\program\&hydronet_wrkng\hydronet_\hydronet_\hydronet_.cpp(462): warning C4018: '<': signed/unsigned mismatch
c:\users\jaime\documents\& pfc-cmt\program\&hydronet_wrkng\hydronet_\hydronet_\hydronet_.cpp(471): warning C4018: '<': signed/unsigned mismatch
c:\users\jaime\documents\& pfc-cmt\program\&hydronet_wrkng\hydronet_\hydronet_\hydronet_.cpp(475): warning C4018: '<': signed/unsigned mismatch
c:\users\jaime\documents\& pfc-cmt\program\&hydronet_wrkng\hydronet_\hydronet_\hydronet_.cpp(487): warning C4018: '<': signed/unsigned mismatch
c:\users\jaime\documents\& pfc-cmt\program\&hydronet_wrkng\hydronet_\hydronet_\hydronet_.cpp(489): warning C4018: '<': signed/unsigned mismatch
c:\users\jaime\documents\& pfc-cmt\program\&hydronet_wrkng\hydronet_\hydronet_\hydronet_.cpp(490): warning C4018: '<': signed/unsigned mismatch
c:\users\jaime\documents\& pfc-cmt\program\&hydronet_wrkng\hydronet_\hydronet_\hydronet_.cpp(509): warning C4018: '<': signed/unsigned mismatch
c:\users\jaime\documents\& pfc-cmt\program\&hydronet_wrkng\hydronet_\hydronet_\hydronet_.cpp(513): warning C4018: '<': signed/unsigned mismatch
c:\users\jaime\documents\& pfc-cmt\program\&hydronet_wrkng\hydronet_\hydronet_\hydronet_.cpp(990): warning C4800: 'int': forcing value to bool 'true' or 'false' (performance warning)
c:\users\jaime\documents\& pfc-cmt\program\&hydronet_wrkng\hydronet_\hydronet_\hydronet_.cpp(1215): warning C4018: '<': signed/unsigned mismatch
c:\users\jaime\documents\& pfc-cmt\program\&hydronet_wrkng\hydronet_\hydronet_\hydronet_.cpp(1232): warning C4018: '<': signed/unsigned mismatch
c:\users\jaime\documents\& pfc-cmt\program\&hydronet_wrkng\hydronet_\hydronet_\hydronet_.cpp(1237): warning C4018: '<': signed/unsigned mismatch
c:\users\jaime\documents\& pfc-cmt\program\&hydronet_wrkng\hydronet_\hydronet_\hydronet_.cpp(1238): warning C4244: '=': conversion from 'double' to 'int', possible loss of data
c:\users\jaime\documents\& pfc-cmt\program\&hydronet_wrkng\hydronet_\hydronet_\hydronet_.cpp(1240): warning C4018: '<': signed/unsigned mismatch
c:\users\jaime\documents\& pfc-cmt\program\&hydronet_wrkng\hydronet_\hydronet_\hydronet_.cpp(1256): warning C4018: '<': signed/unsigned mismatch
c:\users\jaime\documents\& pfc-cmt\program\&hydronet_wrkng\hydronet_\hydronet_\hydronet_.cpp(1276): warning C4018: '<': signed/unsigned mismatch
c:\users\jaime\documents\& pfc-cmt\program\&hydronet_wrkng\hydronet_\hydronet_\hydronet_.cpp(1347): warning C4018: '<': signed/unsigned mismatch
c:\users\jaime\documents\& pfc-cmt\program\&hydronet_wrkng\hydronet_\hydronet_\hydronet_.cpp(1352): warning C4018: '<': signed/unsigned mismatch
c:\users\jaime\documents\& pfc-cmt\program\&hydronet_wrkng\hydronet_\hydronet_\hydronet_.cpp(1353): warning C4018: '<': signed/unsigned mismatch
c:\users\jaime\documents\& pfc-cmt\program\&hydronet_wrkng\hydronet_\hydronet_\hydronet_.cpp(1460): warning C4018: '<': signed/unsigned mismatch
c:\users\jaime\documents\& pfc-cmt\program\&hydronet_wrkng\hydronet_\hydronet_\hydronet_.cpp(1474): warning C4018: '<': signed/unsigned mismatch
c:\users\jaime\documents\& pfc-cmt\program\&hydronet_wrkng\hydronet_\hydronet_\hydronet_.cpp(1498): warning C4018: '<': signed/unsigned mismatch
c:\users\jaime\documents\& pfc-cmt\program\&hydronet_wrkng\hydronet_\hydronet_\hydronet_.cpp(1510): warning C4018: '<': signed/unsigned mismatch
c:\users\jaime\documents\& pfc-cmt\program\&hydronet_wrkng\hydronet_\hydronet_\hydronet_.cpp(1526): warning C4018: '<': signed/unsigned mismatch
c:\users\jaime\documents\& pfc-cmt\program\&hydronet_wrkng\hydronet_\hydronet_\hydronet_.cpp(1551): warning C4018: '<': signed/unsigned mismatch
c:\users\jaime\documents\& pfc-cmt\program\&hydronet_wrkng\hydronet_\hydronet_\hydronet_.cpp(1565): warning C4018: '<': signed/unsigned mismatch
c:\users\jaime\documents\& pfc-cmt\program\&hydronet_wrkng\hydronet_\hydronet_\hydronet_.cpp(1587): warning C4018: '<': signed/unsigned mismatch
c:\users\jaime\documents\& pfc-cmt\program\&hydronet_wrkng\hydronet_\hydronet_\hydronet_.cpp(1618): warning C4018: '<': signed/unsigned mismatch
c:\users\jaime\documents\& pfc-cmt\program\&hydronet_wrkng\hydronet_\hydronet_\hydronet_.cpp(1625): warning C4018: '<': signed/unsigned mismatch
c:\users\jaime\documents\& pfc-cmt\program\&hydronet_wrkng\hydronet_\hydronet_\hydronet_.cpp(1699): warning C4018: '<': signed/unsigned mismatch
c:\users\jaime\documents\& pfc-cmt\program\&hydronet_wrkng\hydronet_\hydronet_\hydronet_.cpp(1728): warning C4018: '<': signed/unsigned mismatch
c:\users\jaime\documents\& pfc-cmt\program\&hydronet_wrkng\hydronet_\hydronet_\hydronet_.cpp(1730): warning C4018: '<': signed/unsigned mismatch
c:\users\jaime\documents\& pfc-cmt\program\&hydronet_wrkng\hydronet_\hydronet_\hydronet_.cpp(1741): warning C4018: '<': signed/unsigned mismatch
c:\users\jaime\documents\& pfc-cmt\program\&hydronet_wrkng\hydronet_\hydronet_\hydronet_.cpp(1763): warning C4018: '<': signed/unsigned mismatch
c:\users\jaime\documents\& pfc-cmt\program\&hydronet_wrkng\hydronet_\hydronet_\hydronet_.cpp(1774): warning C4018: '<': signed/unsigned mismatch
c:\users\jaime\documents\& pfc-cmt\program\&hydronet_wrkng\hydronet_\hydronet_\hydronet_.cpp(1781): warning C4018: '<': signed/unsigned mismatch
c:\users\jaime\documents\& pfc-cmt\program\&hydronet_wrkng\hydronet_\hydronet_\hydronet_.cpp(1782): warning C4018: '<': signed/unsigned mismatch
c:\users\jaime\documents\& pfc-cmt\program\&hydronet_wrkng\hydronet_\hydronet_\hydronet_.cpp(1786): warning C4018: '<': signed/unsigned mismatch
c:\users\jaime\documents\& pfc-cmt\program\&hydronet_wrkng\hydronet_\hydronet_\hydronet_.cpp(1786): warning C4804: '<': unsafe use of type 'bool' in operation
c:\users\jaime\documents\& pfc-cmt\program\&hydronet_wrkng\hydronet_\hydronet_\hydronet_.cpp(1790): warning C4018: '<': signed/unsigned mismatch
c:\users\jaime\documents\& pfc-cmt\program\&hydronet_wrkng\hydronet_\hydronet_\hydronet_.cpp(1790): warning C4804: '<': unsafe use of type 'bool' in operation
c:\users\jaime\documents\& pfc-cmt\program\&hydronet_wrkng\hydronet_\hydronet_\hydronet_.cpp(1802): warning C4018: '<': signed/unsigned mismatch
c:\users\jaime\documents\& pfc-cmt\program\&hydronet_wrkng\hydronet_\hydronet_\hydronet_.cpp(1804): warning C4018: '<': signed/unsigned mismatch
c:\users\jaime\documents\& pfc-cmt\program\&hydronet_wrkng\hydronet_\hydronet_\hydronet_.cpp(1809): warning C4018: '<': signed/unsigned mismatch
c:\users\jaime\documents\& pfc-cmt\program\&hydronet_wrkng\hydronet_\hydronet_\hydronet_.cpp(1816): warning C4018: '<': signed/unsigned mismatch
c:\users\jaime\documents\& pfc-cmt\program\&hydronet_wrkng\hydronet_\hydronet_\hydronet_.cpp(1822): warning C4018: '<': signed/unsigned mismatch
c:\users\jaime\documents\& pfc-cmt\program\&hydronet_wrkng\hydronet_\hydronet_\hydronet_.cpp(1835): warning C4018: '<': signed/unsigned mismatch
c:\users\jaime\documents\& pfc-cmt\program\&hydronet_wrkng\hydronet_\hydronet_\hydronet_.cpp(1838): warning C4018: '<': signed/unsigned mismatch
c:\users\jaime\documents\& pfc-cmt\program\&hydronet_wrkng\hydronet_\hydronet_\hydronet_.cpp(1840): warning C4018: '<': signed/unsigned mismatch
c:\users\jaime\documents\& pfc-cmt\program\&hydronet_wrkng\hydronet_\hydronet_\hydronet_.cpp(1881): warning C4018: '<': signed/unsigned mismatch
c:\users\jaime\documents\& pfc-cmt\program\&hydronet_wrkng\hydronet_\hydronet_\hydronet_.cpp(1885): warning C4018: '<': signed/unsigned mismatch
c:\users\jaime\documents\& pfc-cmt\program\&hydronet_wrkng\hydronet_\hydronet_\hydronet_.cpp(1888): warning C4018: '<': signed/unsigned mismatch
c:\users\jaime\documents\& pfc-cmt\program\&hydronet_wrkng\hydronet_\hydronet_\hydronet_.cpp(1889): warning C4018: '<': signed/unsigned mismatch
c:\users\jaime\documents\& pfc-cmt\program\&hydronet_wrkng\hydronet_\hydronet_\hydronet_.cpp(1899): warning C4018: '<': signed/unsigned mismatch
c:\users\jaime\documents\& pfc-cmt\program\&hydronet_wrkng\hydronet_\hydronet_\hydronet_.cpp(1902): warning C4018: '<': signed/unsigned mismatch
c:\users\jaime\documents\& pfc-cmt\program\&hydronet_wrkng\hydronet_\hydronet_\hydronet_.cpp(1903): warning C4018: '<': signed/unsigned mismatch
c:\users\jaime\documents\& pfc-cmt\program\&hydronet_wrkng\hydronet_\hydronet_\hydronet_.cpp(1928): warning C4018: '<': signed/unsigned mismatch
c:\users\jaime\documents\& pfc-cmt\program\&hydronet_wrkng\hydronet_\hydronet_\hydronet_.cpp(1942): warning C4018: '<': signed/unsigned mismatch
c:\users\jaime\documents\& pfc-cmt\program\&hydronet_wrkng\hydronet_\hydronet_\hydronet_.cpp(1947): warning C4018: '<': signed/unsigned mismatch
c:\users\jaime\documents\& pfc-cmt\program\&hydronet_wrkng\hydronet_\hydronet_\hydronet_.cpp(1954): warning C4018: '<': signed/unsigned mismatch
c:\users\jaime\documents\& pfc-cmt\program\&hydronet_wrkng\hydronet_\hydronet_\hydronet_.cpp(1958): warning C4018: '<': signed/unsigned mismatch
c:\users\jaime\documents\& pfc-cmt\program\&hydronet_wrkng\hydronet_\hydronet_\hydronet_.cpp(1960): warning C4018: '<': signed/unsigned mismatch
c:\users\jaime\documents\& pfc-cmt\program\&hydronet_wrkng\hydronet_\hydronet_\hydronet_.cpp(1964): warning C4018: '<': signed/unsigned mismatch
c:\users\jaime\documents\& pfc-cmt\program\&hydronet_wrkng\hydronet_\hydronet_\hydronet_.cpp(1976): warning C4018: '<': signed/unsigned mismatch
c:\users\jaime\documents\& pfc-cmt\program\&hydronet_wrkng\hydronet_\hydronet_\hydronet_.cpp(1987): warning C4018: '<': signed/unsigned mismatch
c:\users\jaime\documents\& pfc-cmt\program\&hydronet_wrkng\hydronet_\hydronet_\hydronet_.cpp(1861): warning C4101: 'obj_inlet_pos_aux': unreferenced local variable
c:\users\jaime\documents\& pfc-cmt\program\&hydronet_wrkng\hydronet_\hydronet_\hydronet_.cpp(2463): warning C4018: '<': signed/unsigned mismatch
c:\users\jaime\documents\& pfc-cmt\program\&hydronet_wrkng\hydronet_\hydronet_\hydronet_.cpp(2464): warning C4018: '<': signed/unsigned mismatch
c:\users\jaime\documents\& pfc-cmt\program\&hydronet_wrkng\hydronet_\hydronet_\hydronet_.cpp(2471): warning C4018: '<': signed/unsigned mismatch
c:\users\jaime\documents\& pfc-cmt\program\&hydronet_wrkng\hydronet_\hydronet_\hydronet_.cpp(2513): warning C4018: '<': signed/unsigned mismatch
c:\users\jaime\documents\& pfc-cmt\program\&hydronet_wrkng\hydronet_\hydronet_\hydronet_.cpp(2531): warning C4018: '<': signed/unsigned mismatch
c:\users\jaime\documents\& pfc-cmt\program\&hydronet_wrkng\hydronet_\hydronet_\hydronet_.cpp(2536): warning C4804: '~': unsafe use of type 'bool' in operation
c:\users\jaime\documents\& pfc-cmt\program\&hydronet_wrkng\hydronet_\hydronet_\hydronet_.cpp(2539): warning C4804: '~': unsafe use of type 'bool' in operation
c:\users\jaime\documents\& pfc-cmt\program\&hydronet_wrkng\hydronet_\hydronet_\hydronet_.cpp(2583): warning C4018: '<': signed/unsigned mismatch
c:\users\jaime\documents\& pfc-cmt\program\&hydronet_wrkng\hydronet_\hydronet_\hydronet_.cpp(2584): warning C4805: '!=': unsafe mix of type 'int' and type 'bool' in operation
c:\users\jaime\documents\& pfc-cmt\program\&hydronet_wrkng\hydronet_\hydronet_\hydronet_.cpp(2598): warning C4018: '<': signed/unsigned mismatch
c:\users\jaime\documents\& pfc-cmt\program\&hydronet_wrkng\hydronet_\hydronet_\hydronet_.cpp(2616): warning C4805: '==': unsafe mix of type 'int' and type 'bool' in operation
c:\users\jaime\documents\& pfc-cmt\program\&hydronet_wrkng\hydronet_\hydronet_\hydronet_.cpp(2618): warning C4804: '~': unsafe use of type 'bool' in operation
c:\users\jaime\documents\& pfc-cmt\program\&hydronet_wrkng\hydronet_\hydronet_\hydronet_.cpp(2618): warning C4800: 'int': forcing value to bool 'true' or 'false' (performance warning)
c:\users\jaime\documents\& pfc-cmt\program\&hydronet_wrkng\hydronet_\hydronet_\hydronet_.cpp(2630): warning C4805: '==': unsafe mix of type 'int' and type 'bool' in operation
c:\users\jaime\documents\& pfc-cmt\program\&hydronet_wrkng\hydronet_\hydronet_\hydronet_.cpp(2639): warning C4804: '~': unsafe use of type 'bool' in operation
c:\users\jaime\documents\& pfc-cmt\program\&hydronet_wrkng\hydronet_\hydronet_\hydronet_.cpp(2639): warning C4800: 'int': forcing value to bool 'true' or 'false' (performance warning)
c:\users\jaime\documents\& pfc-cmt\program\&hydronet_wrkng\hydronet_\hydronet_\hydronet_.cpp(2700): warning C4805: '==': unsafe mix of type 'int' and type 'bool' in operation
c:\users\jaime\documents\& pfc-cmt\program\&hydronet_wrkng\hydronet_\hydronet_\hydronet_.cpp(2717): warning C4805: '==': unsafe mix of type 'int' and type 'bool' in operation
c:\users\jaime\documents\& pfc-cmt\program\&hydronet_wrkng\hydronet_\hydronet_\hydronet_.cpp(2737): warning C4805: '!=': unsafe mix of type 'int' and type 'bool' in operation
c:\users\jaime\documents\& pfc-cmt\program\&hydronet_wrkng\hydronet_\hydronet_\hydronet_.cpp(2749): warning C4018: '<': signed/unsigned mismatch
c:\users\jaime\documents\& pfc-cmt\program\&hydronet_wrkng\hydronet_\hydronet_\hydronet_.cpp(2754): warning C4805: '==': unsafe mix of type 'int' and type 'bool' in operation
c:\users\jaime\documents\& pfc-cmt\program\&hydronet_wrkng\hydronet_\hydronet_\hydronet_.cpp(2803): warning C4018: '<': signed/unsigned mismatch
c:\users\jaime\documents\& pfc-cmt\program\&hydronet_wrkng\hydronet_\hydronet_\hydronet_.cpp(2818): warning C4018: '<': signed/unsigned mismatch
c:\users\jaime\documents\& pfc-cmt\program\&hydronet_wrkng\hydronet_\hydronet_\hydronet_.cpp(2822): warning C4018: '<': signed/unsigned mismatch
c:\users\jaime\documents\& pfc-cmt\program\&hydronet_wrkng\hydronet_\hydronet_\hydronet_.cpp(2837): warning C4018: '<': signed/unsigned mismatch
c:\users\jaime\documents\& pfc-cmt\program\&hydronet_wrkng\hydronet_\hydronet_\hydronet_.cpp(2849): warning C4018: '<': signed/unsigned mismatch
c:\users\jaime\documents\& pfc-cmt\program\&hydronet_wrkng\hydronet_\hydronet_\hydronet_.cpp(2863): error C2440: '=': cannot convert from 'std::_Vector_iterator<std::_Vector_val<std::_Simple_types<int>>>' to 'int'
  c:\users\jaime\documents\& pfc-cmt\program\&hydronet_wrkng\hydronet_\hydronet_\hydronet_.cpp(2863): note: No user-defined-conversion operator available that can perform this conversion, or the operator cannot be called
c:\users\jaime\documents\& pfc-cmt\program\&hydronet_wrkng\hydronet_\hydronet_\hydronet_.cpp(2875): warning C4018: '<': signed/unsigned mismatch
c:\users\jaime\documents\& pfc-cmt\program\&hydronet_wrkng\hydronet_\hydronet_\hydronet_.cpp(2900): warning C4805: '==': unsafe mix of type 'int' and type 'bool' in operation
c:\users\jaime\documents\& pfc-cmt\program\&hydronet_wrkng\hydronet_\hydronet_\hydronet_.cpp(2902): warning C4804: '~': unsafe use of type 'bool' in operation
c:\users\jaime\documents\& pfc-cmt\program\&hydronet_wrkng\hydronet_\hydronet_\hydronet_.cpp(2902): warning C4800: 'int': forcing value to bool 'true' or 'false' (performance warning)
c:\users\jaime\documents\& pfc-cmt\program\&hydronet_wrkng\hydronet_\hydronet_\hydronet_.cpp(2906): warning C4805: '==': unsafe mix of type 'int' and type 'bool' in operation
c:\users\jaime\documents\& pfc-cmt\program\&hydronet_wrkng\hydronet_\hydronet_\hydronet_.cpp(2939): warning C4018: '<': signed/unsigned mismatch
c:\users\jaime\documents\& pfc-cmt\program\&hydronet_wrkng\hydronet_\hydronet_\hydronet_.cpp(2948): warning C4018: '<': signed/unsigned mismatch
c:\users\jaime\documents\& pfc-cmt\program\&hydronet_wrkng\hydronet_\hydronet_\hydronet_.cpp(2949): warning C4805: '==': unsafe mix of type 'int' and type 'bool' in operation
c:\users\jaime\documents\& pfc-cmt\program\&hydronet_wrkng\hydronet_\hydronet_\hydronet_.cpp(2998): warning C4018: '<': signed/unsigned mismatch
c:\users\jaime\documents\& pfc-cmt\program\&hydronet_wrkng\hydronet_\hydronet_\hydronet_.cpp(3040): warning C4018: '<': signed/unsigned mismatch
c:\users\jaime\documents\& pfc-cmt\program\&hydronet_wrkng\hydronet_\hydronet_\hydronet_.cpp(3045): warning C4018: '<': signed/unsigned mismatch
c:\users\jaime\documents\& pfc-cmt\program\&hydronet_wrkng\hydronet_\hydronet_\hydronet_.cpp(3054): warning C4018: '<': signed/unsigned mismatch
c:\users\jaime\documents\& pfc-cmt\program\&hydronet_wrkng\hydronet_\hydronet_\hydronet_.cpp(3062): warning C4018: '<': signed/unsigned mismatch
c:\users\jaime\documents\& pfc-cmt\program\&hydronet_wrkng\hydronet_\hydronet_\hydronet_.cpp(3065): warning C4018: '<': signed/unsigned mismatch
c:\users\jaime\documents\& pfc-cmt\program\&hydronet_wrkng\hydronet_\hydronet_\hydronet_.cpp(3090): warning C4018: '<': signed/unsigned mismatch
c:\users\jaime\documents\& pfc-cmt\program\&hydronet_wrkng\hydronet_\hydronet_\hydronet_.cpp(3107): warning C4018: '<': signed/unsigned mismatch
c:\users\jaime\documents\& pfc-cmt\program\&hydronet_wrkng\hydronet_\hydronet_\hydronet_.cpp(3110): warning C4018: '<': signed/unsigned mismatch
c:\users\jaime\documents\& pfc-cmt\program\&hydronet_wrkng\hydronet_\hydronet_\hydronet_.cpp(3116): warning C4018: '<': signed/unsigned mismatch
c:\users\jaime\documents\& pfc-cmt\program\&hydronet_wrkng\hydronet_\hydronet_\hydronet_.cpp(3127): warning C4018: '<': signed/unsigned mismatch
c:\users\jaime\documents\& pfc-cmt\program\&hydronet_wrkng\hydronet_\hydronet_\hydronet_.cpp(3130): warning C4018: '<': signed/unsigned mismatch
c:\users\jaime\documents\& pfc-cmt\program\&hydronet_wrkng\hydronet_\hydronet_\hydronet_.cpp(3136): warning C4018: '<': signed/unsigned mismatch
c:\users\jaime\documents\& pfc-cmt\program\&hydronet_wrkng\hydronet_\hydronet_\hydronet_.cpp(3147): warning C4018: '<': signed/unsigned mismatch
c:\users\jaime\documents\& pfc-cmt\program\&hydronet_wrkng\hydronet_\hydronet_\hydronet_.cpp(3150): warning C4018: '<': signed/unsigned mismatch
c:\users\jaime\documents\& pfc-cmt\program\&hydronet_wrkng\hydronet_\hydronet_\hydronet_.cpp(3171): warning C4018: '<': signed/unsigned mismatch
c:\users\jaime\documents\& pfc-cmt\program\&hydronet_wrkng\hydronet_\hydronet_\hydronet_.cpp(3196): warning C4018: '<=': signed/unsigned mismatch
c:\users\jaime\documents\& pfc-cmt\program\&hydronet_wrkng\hydronet_\hydronet_\hydronet_.cpp(3215): warning C4018: '<': signed/unsigned mismatch
c:\users\jaime\documents\& pfc-cmt\program\&hydronet_wrkng\hydronet_\hydronet_\hydronet_.cpp(3274): warning C4018: '<': signed/unsigned mismatch
c:\users\jaime\documents\& pfc-cmt\program\&hydronet_wrkng\hydronet_\hydronet_\hydronet_.cpp(3276): warning C4018: '<': signed/unsigned mismatch
c:\users\jaime\documents\& pfc-cmt\program\&hydronet_wrkng\hydronet_\hydronet_\hydronet_.cpp(3298): warning C4018: '<': signed/unsigned mismatch
c:\users\jaime\documents\& pfc-cmt\program\&hydronet_wrkng\hydronet_\hydronet_\hydronet_.cpp(3301): warning C4018: '<': signed/unsigned mismatch
c:\users\jaime\documents\& pfc-cmt\program\&hydronet_wrkng\hydronet_\hydronet_\hydronet_.cpp(3323): warning C4018: '<': signed/unsigned mismatch
c:\users\jaime\documents\& pfc-cmt\program\&hydronet_wrkng\hydronet_\hydronet_\hydronet_.cpp(3326): warning C4018: '<': signed/unsigned mismatch
c:\users\jaime\documents\& pfc-cmt\program\&hydronet_wrkng\hydronet_\hydronet_\hydronet_.cpp(3345): warning C4018: '<': signed/unsigned mismatch
c:\users\jaime\documents\& pfc-cmt\program\&hydronet_wrkng\hydronet_\hydronet_\hydronet_.cpp(3347): warning C4018: '<': signed/unsigned mismatch
c:\users\jaime\documents\& pfc-cmt\program\&hydronet_wrkng\hydronet_\hydronet_\hydronet_.cpp(3368): warning C4018: '<': signed/unsigned mismatch
c:\users\jaime\documents\& pfc-cmt\program\&hydronet_wrkng\hydronet_\hydronet_\hydronet_.cpp(3371): warning C4018: '<': signed/unsigned mismatch
c:\users\jaime\documents\& pfc-cmt\program\&hydronet_wrkng\hydronet_\hydronet_\hydronet_.cpp(3391): warning C4018: '<': signed/unsigned mismatch
c:\users\jaime\documents\& pfc-cmt\program\&hydronet_wrkng\hydronet_\hydronet_\hydronet_.cpp(3393): warning C4018: '<': signed/unsigned mismatch
c:\users\jaime\documents\& pfc-cmt\program\&hydronet_wrkng\hydronet_\hydronet_\hydronet_.cpp(3414): warning C4018: '<': signed/unsigned mismatch
c:\users\jaime\documents\& pfc-cmt\program\&hydronet_wrkng\hydronet_\hydronet_\hydronet_.cpp(3417): warning C4018: '<': signed/unsigned mismatch
c:\users\jaime\documents\& pfc-cmt\program\&hydronet_wrkng\hydronet_\hydronet_\hydronet_.cpp(3460): warning C4018: '<': signed/unsigned mismatch
c:\users\jaime\documents\& pfc-cmt\program\&hydronet_wrkng\hydronet_\hydronet_\hydronet_.cpp(3472): warning C4018: '<': signed/unsigned mismatch
c:\users\jaime\documents\& pfc-cmt\program\&hydronet_wrkng\hydronet_\hydronet_\hydronet_.cpp(3484): warning C4018: '<': signed/unsigned mismatch
c:\users\jaime\documents\& pfc-cmt\program\&hydronet_wrkng\hydronet_\hydronet_\hydronet_.cpp(3490): warning C4018: '<': signed/unsigned mismatch
c:\users\jaime\documents\& pfc-cmt\program\&hydronet_wrkng\hydronet_\hydronet_\hydronet_.cpp(3517): warning C4018: '<': signed/unsigned mismatch
c:\users\jaime\documents\& pfc-cmt\program\&hydronet_wrkng\hydronet_\hydronet_\hydronet_.cpp(3529): warning C4018: '<': signed/unsigned mismatch
c:\users\jaime\documents\& pfc-cmt\program\&hydronet_wrkng\hydronet_\hydronet_\hydronet_.cpp(3534): warning C4018: '<': signed/unsigned mismatch
c:\users\jaime\documents\& pfc-cmt\program\&hydronet_wrkng\hydronet_\hydronet_\hydronet_.cpp(3554): warning C4018: '<': signed/unsigned mismatch
c:\users\jaime\documents\& pfc-cmt\program\&hydronet_wrkng\hydronet_\hydronet_\hydronet_.cpp(3559): warning C4018: '<': signed/unsigned mismatch
c:\users\jaime\documents\& pfc-cmt\program\&hydronet_wrkng\hydronet_\hydronet_\hydronet_.cpp(3573): warning C4018: '<': signed/unsigned mismatch
c:\users\jaime\documents\& pfc-cmt\program\&hydronet_wrkng\hydronet_\hydronet_\hydronet_.cpp(3579): warning C4018: '<': signed/unsigned mismatch
c:\users\jaime\documents\& pfc-cmt\program\&hydronet_wrkng\hydronet_\hydronet_\hydronet_.cpp(3583): warning C4018: '<': signed/unsigned mismatch
c:\users\jaime\documents\& pfc-cmt\program\&hydronet_wrkng\hydronet_\hydronet_\hydronet_.cpp(3606): warning C4018: '<': signed/unsigned mismatch
c:\users\jaime\documents\& pfc-cmt\program\&hydronet_wrkng\hydronet_\hydronet_\hydronet_.cpp(3609): warning C4018: '<': signed/unsigned mismatch
c:\users\jaime\documents\& pfc-cmt\program\&hydronet_wrkng\hydronet_\hydronet_\hydronet_.cpp(3625): warning C4553: '==': operator has no effect; did you intend '='?
c:\users\jaime\documents\& pfc-cmt\program\&hydronet_wrkng\hydronet_\hydronet_\hydronet_.cpp(3632): warning C4018: '<': signed/unsigned mismatch
c:\users\jaime\documents\& pfc-cmt\program\&hydronet_wrkng\hydronet_\hydronet_\hydronet_.cpp(3636): warning C4018: '<': signed/unsigned mismatch
c:\users\jaime\documents\& pfc-cmt\program\&hydronet_wrkng\hydronet_\hydronet_\hydronet_.cpp(3648): warning C4018: '<': signed/unsigned mismatch
c:\users\jaime\documents\& pfc-cmt\program\&hydronet_wrkng\hydronet_\hydronet_\hydronet_.cpp(3734): warning C4018: '<': signed/unsigned mismatch
c:\users\jaime\documents\& pfc-cmt\program\&hydronet_wrkng\hydronet_\hydronet_\hydronet_.cpp(3751): warning C4018: '<': signed/unsigned mismatch
c:\users\jaime\documents\& pfc-cmt\program\&hydronet_wrkng\hydronet_\hydronet_\hydronet_.cpp(3754): warning C4244: '=': conversion from 'double' to 'int', possible loss of data
c:\users\jaime\documents\& pfc-cmt\program\&hydronet_wrkng\hydronet_\hydronet_\hydronet_.cpp(3910): warning C4018: '<': signed/unsigned mismatch
c:\users\jaime\documents\& pfc-cmt\program\&hydronet_wrkng\hydronet_\hydronet_\hydronet_.cpp(3914): warning C4018: '<': signed/unsigned mismatch
c:\users\jaime\documents\& pfc-cmt\program\&hydronet_wrkng\hydronet_\hydronet_\hydronet_.cpp(3915): warning C4018: '<': signed/unsigned mismatch
c:\users\jaime\documents\& pfc-cmt\program\&hydronet_wrkng\hydronet_\hydronet_\hydronet_.cpp(3974): warning C4018: '<': signed/unsigned mismatch
c:\users\jaime\documents\& pfc-cmt\program\&hydronet_wrkng\hydronet_\hydronet_\hydronet_.cpp(4037): warning C4018: '<': signed/unsigned mismatch
c:\users\jaime\documents\& pfc-cmt\program\&hydronet_wrkng\hydronet_\hydronet_\hydronet_.cpp(4041): warning C4018: '<': signed/unsigned mismatch
c:\users\jaime\documents\& pfc-cmt\program\&hydronet_wrkng\hydronet_\hydronet_\hydronet_.cpp(4042): warning C4018: '<': signed/unsigned mismatch
c:\users\jaime\documents\& pfc-cmt\program\&hydronet_wrkng\hydronet_\hydronet_\hydronet_.cpp(4090): warning C4018: '<': signed/unsigned mismatch
c:\users\jaime\documents\& pfc-cmt\program\&hydronet_wrkng\hydronet_\hydronet_\hydronet_.cpp(4152): warning C4018: '<': signed/unsigned mismatch
c:\users\jaime\documents\& pfc-cmt\program\&hydronet_wrkng\hydronet_\hydronet_\hydronet_.cpp(4156): warning C4018: '<': signed/unsigned mismatch
c:\users\jaime\documents\& pfc-cmt\program\&hydronet_wrkng\hydronet_\hydronet_\hydronet_.cpp(4157): warning C4018: '<': signed/unsigned mismatch
c:\users\jaime\documents\& pfc-cmt\program\&hydronet_wrkng\hydronet_\hydronet_\hydronet_.cpp(4207): warning C4018: '<': signed/unsigned mismatch
